<?xml version="1.0" encoding="UTF-8"?>
<!-- Generated by org.testng.reporters.JUnitReportReporter -->
<testsuite hostname="MOMDAD" failures="0" tests="1" name="org.POM_Test_Cases.CreateUserTC" time="7.315" errors="0" timestamp="2023-03-25T20:38:15 IST" skipped="0">
  <testcase classname="org.POM_Test_Cases.CreateUserTC" name="verifyCreateUserOnWebsite" time="7.315"/>
  <system-out/>
</testsuite> <!-- org.POM_Test_Cases.CreateUserTC -->
