<?xml version="1.0" encoding="UTF-8"?>
<!-- Generated by org.testng.reporters.JUnitReportReporter -->
<testsuite hostname="MOMDAD" failures="0" tests="1" name="org.POM_Test_Cases.CreateNewUserTC" time="23.009" errors="0" timestamp="2023-03-26T18:47:10 IST" skipped="0">
  <testcase classname="org.POM_Test_Cases.CreateNewUserTC" name="verifyCreateUserFunctionality" time="23.009"/>
  <system-out>
    <![CDATA[clicked on create account option successfully
Entered First Name details successfully
Entered Last Name details successfully
Entered email address successfully
Entered email address successfully
Entered Password Credentials successfully
clicked on create account button successfully
My Account Page Title Verified Successfully = My Account
My Account Page URL Verified Successfully = https://magento.softwaretestingboard.com/customer/account/
New user Created successfully]]>
  </system-out>
</testsuite> <!-- org.POM_Test_Cases.CreateNewUserTC -->
