<?xml version="1.0" encoding="UTF-8"?>
<!-- Generated by org.testng.reporters.JUnitReportReporter -->
<testsuite hostname="MOMDAD" failures="0" tests="1" name="org.POM_Test_Cases.PurchaseProductTC" time="34.105" errors="0" timestamp="2023-03-26T17:11:34 IST" skipped="0">
  <testcase classname="org.POM_Test_Cases.PurchaseProductTC" name="verifyPurchaseProductFunctionality" time="34.105"/>
  <system-out>
    <![CDATA[clicked on sign in option
Entered Username as:hrishikeshburkul51@gmail.com
Entered Password as:
clicked on sign in button
Print Receipt Hyperlink is Displayed Successfully
Payment Page Title Verified Successfully = Success Page
Payment Page URL Verified Successfully = https://magento.softwaretestingboard.com/checkout/onepage/success/
an user is successfully placed a Purchase order]]>
  </system-out>
</testsuite> <!-- org.POM_Test_Cases.PurchaseProductTC -->
