<?xml version="1.0" encoding="UTF-8"?>
<!-- Generated by org.testng.reporters.JUnitReportReporter -->
<testsuite hostname="MOMDAD" failures="0" tests="1" name="org.POM_Test_Cases.AddToCartTC" time="30.536" errors="0" timestamp="2023-03-26T18:58:28 IST" skipped="0">
  <testcase classname="org.POM_Test_Cases.AddToCartTC" name="verifyAddToCartFunctionality" time="30.536"/>
  <system-out>
    <![CDATA[User Successfully clicked on sign in option
Entered Username as: = hrishikeshburkul51@gmail.com
Entered Password as:
clicked on sign in button
enter product name successfully as = hoodie
User Successfully clicks on Search button
User Successfully clicks on Add to Cart Element
User Successfully clicks on size of Product Element
User Successfully clicks on colour of Product Element
User Successfully clicks on Add to Cart option
User is Successfully Added a Product to Shooping Cart]]>
  </system-out>
</testsuite> <!-- org.POM_Test_Cases.AddToCartTC -->
